<?xml version="1.0" encoding="UTF-8"?>
<testsuite name="ShuffleWordInSentenceTest" tests="1" skipped="0" failures="0" errors="0" timestamp="2024-10-16T13:40:24" hostname="younghyo-MacBookAir.local" time="0.016">
  <properties/>
  <testcase name="shuffle()" classname="ShuffleWordInSentenceTest" time="0.016"/>
  <system-out><![CDATA[]]></system-out>
  <system-err><![CDATA[]]></system-err>
</testsuite>
