<?xml version="1.0" encoding="UTF-8"?>
<testsuite name="HttpTest" tests="1" skipped="0" failures="0" errors="0" timestamp="2024-09-30T05:39:39" hostname="younghyo-MacBookAir.local" time="1.875">
  <properties/>
  <testcase name="post()" classname="HttpTest" time="1.875"/>
  <system-out><![CDATA[responseCode = 200
responseBody = {"auth_key":"fdd85056-1d17-4794-83f7-c9c2556ed911","problem":1,"day":1}
data = {auth_key=fdd85056-1d17-4794-83f7-c9c2556ed911, problem=1, day=1}
]]></system-out>
  <system-err><![CDATA[]]></system-err>
</testsuite>
